2025 Activity at 2025-01-02T18:35:56: Initial prototype for agentic workflow integration
2025 Activity at 2025-01-02T18:32:28: Benchmark inference throughput on latest hardware
2025 Activity at 2025-01-02T09:26:09: Address feedback from technical design review
2025 Activity at 2025-01-02T17:47:00: Add support for multimodal models in inference engine
2025 Activity at 2025-01-02T10:49:30: Clean up legacy code and improve modularity
2025 Activity at 2025-01-03T16:35:26: Enhance real-time monitoring for model drift
2025 Activity at 2025-01-03T13:57:30: Clean up legacy code and improve modularity
2025 Activity at 2025-01-03T18:37:01: Add support for distributed training across clusters
2025 Activity at 2025-01-03T16:06:38: Fix concurrency issue in the data ingestion pipeline
2025 Activity at 2025-01-03T17:18:22: Add support for distributed training across clusters
2025 Activity at 2025-01-07T10:34:55: Update documentation for new LLMOps features
2025 Activity at 2025-01-07T18:42:26: Update documentation for new LLMOps features
2025 Activity at 2025-01-07T10:06:40: Update README with 2025 performance benchmarks
2025 Activity at 2025-01-07T18:05:06: Sync with latest upstream repository updates
2025 Activity at 2025-01-07T12:12:47: Fix concurrency issue in the data ingestion pipeline
2025 Activity at 2025-01-07T09:04:21: Benchmark inference throughput on latest hardware
2025 Activity at 2025-01-07T15:27:41: Optimize memory management for large-scale inference
2025 Activity at 2025-01-08T13:48:38: Update dependencies to 2025 stable versions
2025 Activity at 2025-01-08T10:47:18: Sync with latest upstream repository updates
2025 Activity at 2025-01-08T15:34:25: Update dependencies to 2025 stable versions
2025 Activity at 2025-01-08T10:26:04: Clean up legacy code and improve modularity
2025 Activity at 2025-01-10T19:24:00: Update README with 2025 performance benchmarks
2025 Activity at 2025-01-10T18:23:25: Address feedback from technical design review
2025 Activity at 2025-01-10T13:32:51: Update dependencies to 2025 stable versions
2025 Activity at 2025-01-10T13:58:49: Sync with latest upstream repository updates
2025 Activity at 2025-01-10T16:16:44: Fix concurrency issue in the data ingestion pipeline
2025 Activity at 2025-01-10T14:59:08: Add support for multimodal models in inference engine
2025 Activity at 2025-01-10T19:16:00: Address feedback from technical design review
2025 Activity at 2025-01-10T17:08:52: Update dependencies to 2025 stable versions
2025 Activity at 2025-01-10T18:05:52: Implement adaptive learning rate scheduling
2025 Activity at 2025-01-10T10:40:23: Clean up legacy code and improve modularity
2025 Activity at 2025-01-13T17:25:21: Enhance real-time monitoring for model drift
