2023 Activity at 2023-01-03T11:01:58: Optimize neural network architecture
2023 Activity at 2023-01-10T10:06:31: Optimize neural network architecture
2023 Activity at 2023-01-10T11:15:17: Add support for multi-GPU training
2023 Activity at 2023-01-11T13:01:24: Update README with new performance metrics
2023 Activity at 2023-01-11T11:03:16: Fix race condition in data pipeline
2023 Activity at 2023-01-11T15:07:28: Benchmark inference latency across devices
2023 Activity at 2023-01-11T15:19:17: Fix bug in loss function calculation
2023 Activity at 2023-01-13T19:45:28: Add support for transformer-based models
2023 Activity at 2023-01-13T12:56:14: Fix bug in loss function calculation
2023 Activity at 2023-01-13T15:10:48: Refactor data loader for faster training
2023 Activity at 2023-01-18T09:07:45: Implement early stopping in training loop
2023 Activity at 2023-01-18T10:59:51: Optimize GPU memory allocation
2023 Activity at 2023-01-18T15:26:02: Update README with new performance metrics
2023 Activity at 2023-01-18T17:49:21: Update README with new performance metrics
2023 Activity at 2023-01-18T18:15:43: Enhance logging for debugging production issues
2023 Activity at 2023-01-18T09:45:16: Fix race condition in data pipeline
2023 Activity at 2023-01-18T17:22:59: Update README with new performance metrics
2023 Activity at 2023-01-18T17:31:39: Add support for multi-GPU training
2023 Activity at 2023-01-20T19:28:24: Update README with new performance metrics
2023 Activity at 2023-01-20T17:00:11: Improve documentation for API endpoints
2023 Activity at 2023-01-20T16:38:08: Implement early stopping in training loop
2023 Activity at 2023-01-20T14:44:28: Benchmark inference latency across devices
2023 Activity at 2023-01-20T18:40:34: Add support for transformer-based models
2023 Activity at 2023-01-20T19:57:55: Update README with new performance metrics
2023 Activity at 2023-01-20T10:39:37: Merge feature branch into main
2023 Activity at 2023-01-20T11:29:56: Add support for multi-GPU training
2023 Activity at 2023-01-20T11:06:53: Sync with upstream repository changes
2023 Activity at 2023-01-26T18:23:30: Improve model serialization and loading
2023 Activity at 2023-01-26T12:05:02: Refactor data loader for faster training
2023 Activity at 2023-01-26T17:59:40: Optimize GPU memory allocation
2023 Activity at 2023-01-26T12:25:06: Initial prototype for feature extraction
2023 Activity at 2023-01-26T12:29:53: Fix bug in loss function calculation
2023 Activity at 2023-01-26T14:41:34: Add support for transformer-based models
2023 Activity at 2023-01-26T11:38:53: Optimize GPU memory allocation
2023 Activity at 2023-01-26T15:34:22: Fix race condition in data pipeline
2023 Activity at 2023-01-26T12:19:48: Enhance logging for debugging production issues
2023 Activity at 2023-01-27T13:30:33: Implement early stopping in training loop
2023 Activity at 2023-01-27T16:55:34: Sync with upstream repository changes
2023 Activity at 2023-01-27T19:56:13: Optimize neural network architecture
2023 Activity at 2023-01-30T17:16:41: Benchmark inference latency across devices
2023 Activity at 2023-01-30T12:25:18: Clean up unused variables and functions
2023 Activity at 2023-01-30T18:10:26: Sync with upstream repository changes
2023 Activity at 2023-01-30T14:00:42: Add support for multi-GPU training
2023 Activity at 2023-01-30T14:03:55: Merge feature branch into main
2023 Activity at 2023-01-30T19:21:51: Optimize neural network architecture
2023 Activity at 2023-01-30T12:54:51: Add support for transformer-based models
2023 Activity at 2023-01-31T19:12:54: Enhance logging for debugging production issues
2023 Activity at 2023-01-31T15:03:55: Benchmark inference latency across devices
2023 Activity at 2023-01-31T15:27:10: Optimize neural network architecture
2023 Activity at 2023-01-31T09:05:48: Benchmark inference latency across devices
2023 Activity at 2023-01-31T16:33:14: Update README with new performance metrics
2023 Activity at 2023-01-31T09:30:58: Add support for transformer-based models
2023 Activity at 2023-01-31T09:27:28: Improve model serialization and loading
2023 Activity at 2023-01-31T11:44:14: Improve documentation for API endpoints
2023 Activity at 2023-01-31T13:02:00: Optimize GPU memory allocation
2023 Activity at 2023-01-31T10:13:52: Initial prototype for feature extraction
2023 Activity at 2023-02-01T10:49:06: Add support for multi-GPU training
2023 Activity at 2023-02-01T13:45:47: Clean up unused variables and functions
2023 Activity at 2023-02-01T12:32:42: Initial prototype for feature extraction
2023 Activity at 2023-02-01T14:47:23: Clean up unused variables and functions
2023 Activity at 2023-02-01T13:26:33: Enhance logging for debugging production issues
2023 Activity at 2023-02-01T13:26:42: Implement early stopping in training loop
2023 Activity at 2023-02-01T18:51:17: Add unit tests for core modules
2023 Activity at 2023-02-01T14:17:47: Clean up unused variables and functions
2023 Activity at 2023-02-01T11:04:56: Fix race condition in data pipeline
2023 Activity at 2023-02-01T15:33:05: Refactor data loader for faster training
2023 Activity at 2023-02-02T09:27:18: Add support for transformer-based models
2023 Activity at 2023-02-02T15:44:46: Clean up unused variables and functions
2023 Activity at 2023-02-02T12:45:23: Add support for multi-GPU training
2023 Activity at 2023-02-02T17:21:21: Optimize neural network architecture
2023 Activity at 2023-02-02T18:32:49: Improve model serialization and loading
2023 Activity at 2023-02-02T19:43:52: Update README with new performance metrics
