2024 Activity at 2024-01-04T11:14:04: Enhance logging for debugging production-level issues
2024 Activity at 2024-01-04T15:04:01: Improve model serialization and loading efficiency
2024 Activity at 2024-01-04T13:54:38: Fix bug in loss function calculation for edge cases
2024 Activity at 2024-01-04T19:53:32: Merge feature branch into main for the next release
2024 Activity at 2024-01-04T16:38:41: Benchmark inference latency across multiple devices
2024 Activity at 2024-01-04T16:11:28: Sync with upstream repository changes and updates
2024 Activity at 2024-01-04T12:57:27: Fix potential race condition in the data pipeline
2024 Activity at 2024-01-04T11:32:43: Sync with upstream repository changes and updates
2024 Activity at 2024-01-04T13:08:01: Add support for transformer-based models in inference
2024 Activity at 2024-01-04T14:27:20: Improve documentation for REST API endpoints
2024 Activity at 2024-01-04T13:45:26: Add support for multi-GPU training via DDP
2024 Activity at 2024-01-05T17:46:17: Clean up unused variables and deprecated functions
2024 Activity at 2024-01-05T19:18:26: Improve documentation for REST API endpoints
2024 Activity at 2024-01-05T15:09:03: Update dependencies to latest stable versions (2024)
2024 Activity at 2024-01-05T11:53:30: Enhance logging for debugging production-level issues
2024 Activity at 2024-01-05T19:10:58: Fix potential race condition in the data pipeline
2024 Activity at 2024-01-05T16:33:47: Update README with latest performance benchmarks
2024 Activity at 2024-01-05T17:23:34: Add comprehensive unit tests for core ML modules
2024 Activity at 2024-01-09T12:56:49: Fix potential race condition in the data pipeline
2024 Activity at 2024-01-09T14:24:55: Merge feature branch into main for the next release
2024 Activity at 2024-01-09T13:06:56: Optimize GPU memory allocation for large models
2024 Activity at 2024-01-09T09:57:59: Add support for transformer-based models in inference
2024 Activity at 2024-01-09T15:04:29: Clean up unused variables and deprecated functions
2024 Activity at 2024-01-09T19:56:54: Fix potential race condition in the data pipeline
2024 Activity at 2024-01-09T19:44:56: Implement early stopping logic in the training loop
2024 Activity at 2024-01-09T10:28:17: Update README with latest performance benchmarks
2024 Activity at 2024-01-09T10:37:43: Benchmark inference latency across multiple devices
2024 Activity at 2024-01-09T16:22:07: Improve model serialization and loading efficiency
2024 Activity at 2024-01-10T11:25:37: Fix potential race condition in the data pipeline
2024 Activity at 2024-01-10T13:08:15: Optimize neural network architecture for better performance
2024 Activity at 2024-01-10T09:56:39: Optimize GPU memory allocation for large models
2024 Activity at 2024-01-10T17:45:44: Address code review feedback from the senior team
2024 Activity at 2024-01-10T13:27:09: Add support for transformer-based models in inference
2024 Activity at 2024-01-10T19:42:25: Update README with latest performance benchmarks
2024 Activity at 2024-01-10T17:07:00: Optimize GPU memory allocation for large models
2024 Activity at 2024-01-10T12:10:35: Update dependencies to latest stable versions (2024)
2024 Activity at 2024-01-10T10:11:26: Merge feature branch into main for the next release
2024 Activity at 2024-01-10T17:44:13: Add comprehensive unit tests for core ML modules
2024 Activity at 2024-01-11T17:09:35: Clean up unused variables and deprecated functions
2024 Activity at 2024-01-11T19:50:57: Enhance logging for debugging production-level issues
2024 Activity at 2024-01-11T14:53:29: Optimize neural network architecture for better performance
2024 Activity at 2024-01-11T14:24:57: Update README with latest performance benchmarks
