Robust Activity at 2023-01-03T12:03:36: Update README with new performance metrics
Robust Activity at 2023-01-03T14:53:29: Benchmark inference latency across devices
Robust Activity at 2023-01-03T15:19:00: Add support for multi-GPU training
Robust Activity at 2023-01-03T17:24:05: Add support for transformer-based models
Robust Activity at 2023-01-03T09:07:05: Refactor data loader for faster training
Robust Activity at 2023-01-03T09:38:40: Initial prototype for feature extraction
Robust Activity at 2023-01-04T09:39:59: Optimize neural network architecture
Robust Activity at 2023-01-04T09:07:57: Enhance logging for debugging production issues
Robust Activity at 2023-01-04T15:31:26: Sync with upstream repository changes
Robust Activity at 2023-01-04T12:28:40: Improve model serialization and loading
Robust Activity at 2023-01-04T18:12:30: Optimize neural network architecture
Robust Activity at 2023-01-04T11:56:43: Optimize neural network architecture
Robust Activity at 2023-01-06T16:58:46: Add unit tests for core modules
Robust Activity at 2023-01-06T11:37:09: Fix race condition in data pipeline
Robust Activity at 2023-01-06T11:05:16: Improve model serialization and loading
Robust Activity at 2023-01-06T14:45:55: Sync with upstream repository changes
Robust Activity at 2023-01-06T12:28:56: Add support for multi-GPU training
Robust Activity at 2023-01-10T17:59:33: Improve documentation for API endpoints
Robust Activity at 2023-01-10T09:22:34: Refactor data loader for faster training
Robust Activity at 2023-01-11T16:00:46: Clean up unused variables and functions
Robust Activity at 2023-01-11T09:27:09: Optimize neural network architecture
Robust Activity at 2023-01-17T18:58:47: Clean up unused variables and functions
Robust Activity at 2023-01-17T10:38:21: Optimize neural network architecture
Robust Activity at 2023-01-17T12:22:11: Merge feature branch into main
